Copyright 1986-2022 Xilinx, Inc. All Rights Reserved. Copyright 2022-2024 Advanced Micro Devices, Inc. All Rights Reserved.
---------------------------------------------------------------------------------------------------------------------------------------------
| Tool Version : Vivado v.2024.2 (win64) Build 5239630 Fri Nov 08 22:35:27 MST 2024
| Date         : Tue Jul 29 18:11:42 2025
| Host         : SES-BYETT1-1 running 64-bit major release  (build 9200)
| Command      : report_timing_summary -file nexys_a7_100t.timing.rpt
| Design       : nexys_a7_100t_top
| Device       : 7a100t-csg324
| Speed File   : -1  PRODUCTION 1.23 2018-06-13
| Design State : Routed
---------------------------------------------------------------------------------------------------------------------------------------------

Timing Summary Report

------------------------------------------------------------------------------------------------
| Timer Settings
| --------------
------------------------------------------------------------------------------------------------

  Enable Multi Corner Analysis               :  Yes
  Enable Pessimism Removal                   :  Yes
  Pessimism Removal Resolution               :  Nearest Common Node
  Enable Input Delay Default Clock           :  No
  Enable Preset / Clear Arcs                 :  No
  Disable Flight Delays                      :  No
  Ignore I/O Paths                           :  No
  Timing Early Launch at Borrowing Latches   :  No
  Borrow Time for Max Delay Exceptions       :  Yes
  Merge Timing Exceptions                    :  Yes
  Inter-SLR Compensation                     :  Conservative

  Corner  Analyze    Analyze    
  Name    Max Paths  Min Paths  
  ------  ---------  ---------  
  Slow    Yes        Yes        
  Fast    Yes        Yes        


------------------------------------------------------------------------------------------------
| Report Methodology
| ------------------
------------------------------------------------------------------------------------------------

No report available as report_methodology has not been run prior. Run report_methodology on the current design for the summary of methodology violations.



check_timing report

Table of Contents
-----------------
1. checking no_clock (0)
2. checking constant_clock (0)
3. checking pulse_width_clock (0)
4. checking unconstrained_internal_endpoints (0)
5. checking no_input_delay (13)
6. checking no_output_delay (15)
7. checking multiple_clock (0)
8. checking generated_clocks (0)
9. checking loops (0)
10. checking partial_input_delay (0)
11. checking partial_output_delay (0)
12. checking latch_loops (0)

1. checking no_clock (0)
------------------------
 There are 0 register/latch pins with no clock.


2. checking constant_clock (0)
------------------------------
 There are 0 register/latch pins with constant_clock.


3. checking pulse_width_clock (0)
---------------------------------
 There are 0 register/latch pins which need pulse_width check


4. checking unconstrained_internal_endpoints (0)
------------------------------------------------
 There are 0 pins that are not constrained for maximum delay.

 There are 0 pins that are not constrained for maximum delay due to constant clock.


5. checking no_input_delay (13)
-------------------------------
 There are 13 input ports with no input delay specified. (HIGH)

 There are 0 input ports with no input delay but user has a false path constraint.


6. checking no_output_delay (15)
--------------------------------
 There are 15 ports with no output delay specified. (HIGH)

 There are 0 ports with no output delay but user has a false path constraint

 There are 0 ports with no output delay but with a timing clock defined on it or propagating through it


7. checking multiple_clock (0)
------------------------------
 There are 0 register/latch pins with multiple clocks.


8. checking generated_clocks (0)
--------------------------------
 There are 0 generated clocks that are not connected to a clock source.


9. checking loops (0)
---------------------
 There are 0 combinational loops in the design.


10. checking partial_input_delay (0)
------------------------------------
 There are 0 input ports with partial input delay specified.


11. checking partial_output_delay (0)
-------------------------------------
 There are 0 ports with partial output delay specified.


12. checking latch_loops (0)
----------------------------
 There are 0 combinational latch loops in the design through latch input



------------------------------------------------------------------------------------------------
| Design Timing Summary
| ---------------------
------------------------------------------------------------------------------------------------

    WNS(ns)      TNS(ns)  TNS Failing Endpoints  TNS Total Endpoints      WHS(ns)      THS(ns)  THS Failing Endpoints  THS Total Endpoints     WPWS(ns)     TPWS(ns)  TPWS Failing Endpoints  TPWS Total Endpoints  
    -------      -------  ---------------------  -------------------      -------      -------  ---------------------  -------------------     --------     --------  ----------------------  --------------------  
      7.966        0.000                      0                    5        0.366        0.000                      0                    5        4.500        0.000                       0                    16  


All user specified timing constraints are met.


------------------------------------------------------------------------------------------------
| Clock Summary
| -------------
------------------------------------------------------------------------------------------------

Clock      Waveform(ns)       Period(ns)      Frequency(MHz)
-----      ------------       ----------      --------------
clock_100  {0.000 5.000}      10.000          100.000         


------------------------------------------------------------------------------------------------
| Intra Clock Table
| -----------------
------------------------------------------------------------------------------------------------

Clock             WNS(ns)      TNS(ns)  TNS Failing Endpoints  TNS Total Endpoints      WHS(ns)      THS(ns)  THS Failing Endpoints  THS Total Endpoints     WPWS(ns)     TPWS(ns)  TPWS Failing Endpoints  TPWS Total Endpoints  
-----             -------      -------  ---------------------  -------------------      -------      -------  ---------------------  -------------------     --------     --------  ----------------------  --------------------  
clock_100           7.966        0.000                      0                    5        0.366        0.000                      0                    5        4.500        0.000                       0                    16  


------------------------------------------------------------------------------------------------
| Inter Clock Table
| -----------------
------------------------------------------------------------------------------------------------

From Clock    To Clock          WNS(ns)      TNS(ns)  TNS Failing Endpoints  TNS Total Endpoints      WHS(ns)      THS(ns)  THS Failing Endpoints  THS Total Endpoints  
----------    --------          -------      -------  ---------------------  -------------------      -------      -------  ---------------------  -------------------  


------------------------------------------------------------------------------------------------
| Other Path Groups Table
| -----------------------
------------------------------------------------------------------------------------------------

Path Group    From Clock    To Clock          WNS(ns)      TNS(ns)  TNS Failing Endpoints  TNS Total Endpoints      WHS(ns)      THS(ns)  THS Failing Endpoints  THS Total Endpoints  
----------    ----------    --------          -------      -------  ---------------------  -------------------      -------      -------  ---------------------  -------------------  


------------------------------------------------------------------------------------------------
| Timing Details
| --------------
------------------------------------------------------------------------------------------------


---------------------------------------------------------------------------------------------------
From Clock:  clock_100
  To Clock:  clock_100

Setup :            0  Failing Endpoints,  Worst Slack        7.966ns,  Total Violation        0.000ns
Hold  :            0  Failing Endpoints,  Worst Slack        0.366ns,  Total Violation        0.000ns
PW    :            0  Failing Endpoints,  Worst Slack        4.500ns,  Total Violation        0.000ns
---------------------------------------------------------------------------------------------------


Max Delay Paths
--------------------------------------------------------------------------------------
Slack (MET) :             7.966ns  (required time - arrival time)
  Source:                 _5/_11_reg[1]/C
                            (rising edge-triggered cell FDCE clocked by clock_100  {rise@0.000ns fall@5.000ns period=10.000ns})
  Destination:            _5/_19_reg[1]/D
                            (rising edge-triggered cell FDCE clocked by clock_100  {rise@0.000ns fall@5.000ns period=10.000ns})
  Path Group:             clock_100
  Path Type:              Setup (Max at Slow Process Corner)
  Requirement:            10.000ns  (clock_100 rise@10.000ns - clock_100 rise@0.000ns)
  Data Path Delay:        1.896ns  (logic 0.580ns (30.598%)  route 1.316ns (69.402%))
  Logic Levels:           1  (LUT3=1)
  Clock Path Skew:        -0.022ns (DCD - SCD + CPR)
    Destination Clock Delay (DCD):    5.013ns = ( 15.013 - 10.000 ) 
    Source Clock Delay      (SCD):    5.310ns
    Clock Pessimism Removal (CPR):    0.275ns
  Clock Uncertainty:      0.035ns  ((TSJ^2 + TIJ^2)^1/2 + DJ) / 2 + PE
    Total System Jitter     (TSJ):    0.071ns
    Total Input Jitter      (TIJ):    0.000ns
    Discrete Jitter          (DJ):    0.000ns
    Phase Error              (PE):    0.000ns

    Location             Delay type                Incr(ns)  Path(ns)    Netlist Resource(s)
  -------------------------------------------------------------------    -------------------
                         (clock clock_100 rise edge)
                                                      0.000     0.000 r  
    E3                                                0.000     0.000 r  clock_100 (IN)
                         net (fo=0)                   0.000     0.000    clock_100
    E3                   IBUF (Prop_ibuf_I_O)         1.482     1.482 r  clock_100_IBUF_inst/O
                         net (fo=1, routed)           2.025     3.506    clock_100_IBUF
    BUFGCTRL_X0Y16       BUFG (Prop_bufg_I_O)         0.096     3.602 r  clock_100_IBUF_BUFG_inst/O
                         net (fo=15, routed)          1.707     5.310    _5/CLK
    SLICE_X1Y73          FDCE                                         r  _5/_11_reg[1]/C
  -------------------------------------------------------------------    -------------------
    SLICE_X1Y73          FDCE (Prop_fdce_C_Q)         0.456     5.766 r  _5/_11_reg[1]/Q
                         net (fo=2, routed)           0.656     6.422    _5/leds_OBUF[1]
    SLICE_X1Y73          LUT3 (Prop_lut3_I1_O)        0.124     6.546 r  _5/_19[1]_i_1/O
                         net (fo=1, routed)           0.659     7.205    _5/_19[1]_i_1_n_0
    SLICE_X0Y73          FDCE                                         r  _5/_19_reg[1]/D
  -------------------------------------------------------------------    -------------------

                         (clock clock_100 rise edge)
                                                     10.000    10.000 r  
    E3                                                0.000    10.000 r  clock_100 (IN)
                         net (fo=0)                   0.000    10.000    clock_100
    E3                   IBUF (Prop_ibuf_I_O)         1.411    11.411 r  clock_100_IBUF_inst/O
                         net (fo=1, routed)           1.920    13.331    clock_100_IBUF
    BUFGCTRL_X0Y16       BUFG (Prop_bufg_I_O)         0.091    13.422 r  clock_100_IBUF_BUFG_inst/O
                         net (fo=15, routed)          1.590    15.013    _5/CLK
    SLICE_X0Y73          FDCE                                         r  _5/_19_reg[1]/C
                         clock pessimism              0.275    15.288    
                         clock uncertainty           -0.035    15.252    
    SLICE_X0Y73          FDCE (Setup_fdce_C_D)       -0.081    15.171    _5/_19_reg[1]
  -------------------------------------------------------------------
                         required time                         15.171    
                         arrival time                          -7.205    
  -------------------------------------------------------------------
                         slack                                  7.966    





Min Delay Paths
--------------------------------------------------------------------------------------
Slack (MET) :             0.366ns  (arrival time - required time)
  Source:                 _5/_11_reg[2]/C
                            (rising edge-triggered cell FDCE clocked by clock_100  {rise@0.000ns fall@5.000ns period=10.000ns})
  Destination:            _5/_19_reg[2]/D
                            (rising edge-triggered cell FDCE clocked by clock_100  {rise@0.000ns fall@5.000ns period=10.000ns})
  Path Group:             clock_100
  Path Type:              Hold (Min at Fast Process Corner)
  Requirement:            0.000ns  (clock_100 rise@0.000ns - clock_100 rise@0.000ns)
  Data Path Delay:        0.449ns  (logic 0.186ns (41.418%)  route 0.263ns (58.582%))
  Logic Levels:           1  (LUT3=1)
  Clock Path Skew:        0.013ns (DCD - SCD - CPR)
    Destination Clock Delay (DCD):    2.027ns
    Source Clock Delay      (SCD):    1.511ns
    Clock Pessimism Removal (CPR):    0.502ns

    Location             Delay type                Incr(ns)  Path(ns)    Netlist Resource(s)
  -------------------------------------------------------------------    -------------------
                         (clock clock_100 rise edge)
                                                      0.000     0.000 r  
    E3                                                0.000     0.000 r  clock_100 (IN)
                         net (fo=0)                   0.000     0.000    clock_100
    E3                   IBUF (Prop_ibuf_I_O)         0.250     0.250 r  clock_100_IBUF_inst/O
                         net (fo=1, routed)           0.644     0.894    clock_100_IBUF
    BUFGCTRL_X0Y16       BUFG (Prop_bufg_I_O)         0.026     0.920 r  clock_100_IBUF_BUFG_inst/O
                         net (fo=15, routed)          0.592     1.511    _5/CLK
    SLICE_X1Y73          FDCE                                         r  _5/_11_reg[2]/C
  -------------------------------------------------------------------    -------------------
    SLICE_X1Y73          FDCE (Prop_fdce_C_Q)         0.141     1.652 r  _5/_11_reg[2]/Q
                         net (fo=2, routed)           0.154     1.806    _5/leds_OBUF[2]
    SLICE_X0Y73          LUT3 (Prop_lut3_I1_O)        0.045     1.851 r  _5/_19[2]_i_1/O
                         net (fo=1, routed)           0.109     1.960    _5/_19[2]_i_1_n_0
    SLICE_X0Y73          FDCE                                         r  _5/_19_reg[2]/D
  -------------------------------------------------------------------    -------------------

                         (clock clock_100 rise edge)
                                                      0.000     0.000 r  
    E3                                                0.000     0.000 r  clock_100 (IN)
                         net (fo=0)                   0.000     0.000    clock_100
    E3                   IBUF (Prop_ibuf_I_O)         0.438     0.438 r  clock_100_IBUF_inst/O
                         net (fo=1, routed)           0.699     1.136    clock_100_IBUF
    BUFGCTRL_X0Y16       BUFG (Prop_bufg_I_O)         0.029     1.165 r  clock_100_IBUF_BUFG_inst/O
                         net (fo=15, routed)          0.862     2.027    _5/CLK
    SLICE_X0Y73          FDCE                                         r  _5/_19_reg[2]/C
                         clock pessimism             -0.502     1.524    
    SLICE_X0Y73          FDCE (Hold_fdce_C_D)         0.070     1.594    _5/_19_reg[2]
  -------------------------------------------------------------------
                         required time                         -1.594    
                         arrival time                           1.960    
  -------------------------------------------------------------------
                         slack                                  0.366    





Pulse Width Checks
--------------------------------------------------------------------------------------
Clock Name:         clock_100
Waveform(ns):       { 0.000 5.000 }
Period(ns):         10.000
Sources:            { clock_100 }

Check Type        Corner  Lib Pin  Reference Pin  Required(ns)  Actual(ns)  Slack(ns)  Location        Pin
Min Period        n/a     BUFG/I   n/a            2.155         10.000      7.845      BUFGCTRL_X0Y16  clock_100_IBUF_BUFG_inst/I
Low Pulse Width   Slow    FDCE/C   n/a            0.500         5.000       4.500      SLICE_X1Y73     _5/_11_reg[0]/C
High Pulse Width  Slow    FDCE/C   n/a            0.500         5.000       4.500      SLICE_X1Y73     _5/_11_reg[0]/C



