#-----------------------------------------------------------
# Vivado v2024.2 (64-bit)
# SW Build 5239630 on Fri Nov 08 22:35:27 MST 2024
# IP Build 5239520 on Sun Nov 10 16:12:51 MST 2024
# SharedData Build 5239561 on Fri Nov 08 14:39:27 MST 2024
# Start of session at: Tue Jul 29 18:13:49 2025
# Process ID         : 27112
# Current directory  : C:/Users/byett1/Documents/Vivado/pipeline
# Command line       : vivado.exe -mode batch -source flash.tcl
# Log file           : C:/Users/byett1/Documents/Vivado/pipeline/vivado.log
# Journal file       : C:/Users/byett1/Documents/Vivado/pipeline\vivado.jou
# Running On         : SES-BYETT1-1
# Platform           : Windows Server 2016 or Windows 10
# Operating System   : 26100
# Processor Detail   : 11th Gen Intel(R) Core(TM) i7-11370H @ 3.30GHz
# CPU Frequency      : 3302 MHz
# CPU Physical cores : 4
# CPU Logical cores  : 8
# Host memory        : 34185 MB
# Swap memory        : 42949 MB
# Total Virtual      : 77135 MB
# Available Virtual  : 19161 MB
#-----------------------------------------------------------
source flash.tcl
# set PROJECT_NAME "nexys_a7_100t"
# open_hw
WARNING: 'open_hw' is deprecated, please use 'open_hw_manager' instead.
# connect_hw_server
INFO: [Labtools 27-2285] Connecting to hw_server url TCP:localhost:3121
INFO: [Labtools 27-2222] Launching hw_server...
INFO: [Labtools 27-2221] Launch Output:

****** Xilinx hw_server v2024.2
  **** Build date : Oct 29 2024 at 10:25:41
    ** Copyright 1986-2022 Xilinx, Inc. All Rights Reserved.


INFO: [Labtools 27-3415] Connecting to cs_server url TCP:localhost:0
INFO: [Labtools 27-3417] Launching cs_server...
INFO: [Labtools 27-2221] Launch Output:


******** Xilinx cs_server v2024.2.0
  ****** Build date   : Oct 30 2024-14:19:07
    **** Build number : 2024.2.1730312347
      ** Copyright 2017-2022 Xilinx, Inc. All Rights Reserved.
      ** Copyright 2022-2025 Advanced Micro Devices, Inc. All Rights Reserved.



connect_hw_server: Time (s): cpu = 00:00:00 ; elapsed = 00:00:07 . Memory (MB): peak = 293.336 ; gain = 1.969
# open_hw_target
INFO: [Labtoolstcl 44-466] Opening hw_target localhost:3121/xilinx_tcf/Digilent/210292B9CFE9A
# current_hw_device [lindex [get_hw_devices] 0]
# set_property PROGRAM.FILE ${PROJECT_NAME}.bit [current_hw_device]
# program_hw_devices [current_hw_device]
INFO: [Labtools 27-3164] End of startup status: HIGH
# exit
INFO: [Common 17-206] Exiting Vivado at Tue Jul 29 18:14:01 2025...
